<?xml version="1.0" encoding="UTF-8"?>
<!-- Generated by org.testng.reporters.JUnitReportReporter -->
<testsuite skipped="0" hostname="ranits-MacBook-Pro.local" name="COM.appium.AndroidAutomation.Script_001" tests="1" failures="0" timestamp="17 Aug 2018 20:22:12 GMT" time="6.892" errors="0">
  <testcase name="sanityTest" time="6.892" classname="COM.appium.AndroidAutomation.Script_001"/>
</testsuite> <!-- COM.appium.AndroidAutomation.Script_001 -->
